<?xml version="1.0" encoding="UTF-8"?>
<!-- Generated by org.testng.reporters.JUnitXMLReporter -->
<testsuite hostname="LAPTOP-A8F5AB7C" ignored="3" name="Default test" tests="1" failures="0" timestamp="30 Jun 2020 08:14:27 GMT" time="17.063" errors="0">
  <testcase name="loginpagetitletest" time="8.899" classname="com.qa.test.LoginPageTest"/>
  <testcase name="logintest" time="0.0" classname="com.qa.test.LoginPageTest">
    <ignored/>
  </testcase> <!-- logintest -->
  <testcase name="invalidlogintest" time="0.0" classname="com.qa.test.LoginPageTest">
    <ignored/>
  </testcase> <!-- invalidlogintest -->
  <testcase name="loginpagelogotest" time="0.0" classname="com.qa.test.LoginPageTest">
    <ignored/>
  </testcase> <!-- loginpagelogotest -->
</testsuite> <!-- Default test -->
