<?xml version="1.0" encoding="UTF-8"?>
<testng-results skipped="0" failed="0" ignored="3" total="4" passed="1">
  <reporter-output>
  </reporter-output>
  <suite name="Default suite" duration-ms="17063" started-at="2020-06-30T08:14:10Z" finished-at="2020-06-30T08:14:27Z">
    <groups>
    </groups>
    <test name="Default test" duration-ms="17063" started-at="2020-06-30T08:14:10Z" finished-at="2020-06-30T08:14:27Z">
      <class name="com.qa.test.LoginPageTest">
        <test-method status="PASS" signature="setup()[pri:0, instance:com.qa.test.LoginPageTest@3a80515c]" name="setup" is-config="true" duration-ms="6393" started-at="2020-06-30T08:14:10Z" finished-at="2020-06-30T08:14:16Z">
          <reporter-output>
          </reporter-output>
        </test-method> <!-- setup -->
        <test-method status="PASS" signature="loginpagetitletest()[pri:1, instance:com.qa.test.LoginPageTest@3a80515c]" name="loginpagetitletest" duration-ms="8899" started-at="2020-06-30T08:14:16Z" finished-at="2020-06-30T08:14:25Z">
          <reporter-output>
          </reporter-output>
        </test-method> <!-- loginpagetitletest -->
        <test-method status="PASS" signature="teardown()[pri:0, instance:com.qa.test.LoginPageTest@3a80515c]" name="teardown" is-config="true" duration-ms="1209" started-at="2020-06-30T08:14:25Z" finished-at="2020-06-30T08:14:27Z">
          <reporter-output>
          </reporter-output>
        </test-method> <!-- teardown -->
      </class> <!-- com.qa.test.LoginPageTest -->
    </test> <!-- Default test -->
  </suite> <!-- Default suite -->
</testng-results>
